2025-08-30 14:16:55,963 - utils.logger - ERROR - ❌ Не удалось загрузить prompt_map.json: name 'json' is not defined
2025-08-30 14:16:55,965 - utils.logger - INFO - ✅ Промпт загружен
2025-08-30 14:16:58,789 - utils.logger - INFO - 🚀 Бот запущен. Ожидание сообщений...
2025-08-30 14:20:15,126 - utils.logger - INFO - ✅ Промпт загружен
2025-08-30 14:20:17,581 - utils.logger - INFO - 🚀 Бот запущен. Ожидание сообщений...
2025-08-30 14:20:40,723 - utils.logger - INFO - ✅ История сохранена: 14 сообщений
2025-08-30 14:20:52,732 - utils.logger - INFO - ✅ История сохранена: 16 сообщений
2025-08-30 14:21:18,111 - utils.logger - INFO - ✅ История сохранена: 18 сообщений
2025-08-30 14:21:26,777 - utils.logger - INFO - ✅ История сохранена: 20 сообщений
2025-08-30 14:21:44,117 - utils.logger - INFO - ✅ История сохранена: 22 сообщений
2025-08-30 14:21:55,516 - utils.logger - INFO - ✅ История сохранена: 24 сообщений
2025-08-30 16:13:32,913 - utils.logger - INFO - ✅ Промпт загружен
2025-08-30 16:13:35,828 - utils.logger - INFO - 🚀 Бот запущен. Ожидание сообщений...
2025-08-30 16:14:11,950 - utils.logger - INFO - ✅ История сохранена: 27 сообщений
2025-08-30 16:14:15,342 - utils.logger - INFO - ✅ История сохранена: 29 сообщений
2025-08-30 16:14:44,596 - utils.logger - INFO - ✅ История сохранена: 31 сообщений
2025-08-30 16:15:00,836 - utils.logger - INFO - ✅ История сохранена: 33 сообщений
2025-08-30 16:30:58,374 - utils.logger - INFO - ✅ Промпт загружен
2025-08-30 16:31:00,662 - utils.logger - INFO - 🚀 Бот запущен. Ожидание сообщений...
2025-08-30 16:31:52,270 - utils.logger - INFO - ✅ История сохранена: 36 сообщений
2025-08-30 16:32:15,941 - utils.logger - INFO - ✅ История сохранена: 38 сообщений
2025-08-30 16:32:46,437 - utils.logger - INFO - ✅ История сохранена: 40 сообщений
2025-08-30 16:33:26,853 - utils.logger - INFO - ✅ История сохранена: 39 сообщений
2025-08-30 16:43:47,419 - utils.logger - INFO - ✅ Промпт загружен
2025-08-30 16:43:49,763 - utils.logger - INFO - 🚀 Бот запущен. Ожидание сообщений...
2025-08-30 16:46:32,169 - utils.logger - INFO - ✅ История сохранена: 41 сообщений
2025-08-30 16:46:57,253 - utils.logger - INFO - ✅ История сохранена: 41 сообщений
2025-08-30 18:14:32,547 - utils.logger - INFO - ✅ Промпт загружен
2025-08-30 18:14:34,983 - utils.logger - ERROR - 🔴 Ошибка при запуске: 'Command' object is not callable
Traceback (most recent call last):
  File "c:\Users\Prpject\ussadba_bot\main.py", line 16, in main
    application = create_application(settings.bot_token)
                  ^^^^^^^^^^^^^^^^^^^^^^^^^^^^^^^^^^^^^^
  File "c:\Users\Prpject\ussadba_bot\bot\application.py", line 22, in create_application
    & (filters.Regex(r"^(📄|📝|📊|🗜️) ") | filters.COMMAND("docs")),
                                           ^^^^^^^^^^^^^^^^^^^^^^^
TypeError: 'Command' object is not callable
2025-08-30 18:34:57,648 - utils.logger - INFO - ✅ Промпт загружен
2025-08-30 18:35:00,331 - utils.logger - ERROR - 🔴 Ошибка при запуске: 'Command' object is not callable
Traceback (most recent call last):
  File "c:\Users\Prpject\ussadba_bot\main.py", line 23, in main
    application = create_application(settings.bot_token)
                  ^^^^^^^^^^^^^^^^^^^^^^^^^^^^^^^^^^^^^^
  File "c:\Users\Prpject\ussadba_bot\bot\application.py", line 22, in create_application
    & (filters.Regex(r"^(📄|📝|📊|🗜️) ") | filters.COMMAND("docs")),
                                           ^^^^^^^^^^^^^^^^^^^^^^^
TypeError: 'Command' object is not callable
2025-08-30 18:44:57,994 - utils.logger - INFO - ✅ Промпт загружен
2025-08-30 18:45:00,846 - utils.logger - INFO - 🚀 Бот запущен. Ожидание сообщений...
2025-08-30 18:45:00,913 - utils.logger - ERROR - 🔴 Ошибка при запуске: This event loop is already running
Traceback (most recent call last):
  File "C:\Users\adm\AppData\Local\Packages\PythonSoftwareFoundation.Python.3.12_qbz5n2kfra8p0\LocalCache\local-packages\Python312\site-packages\telegram\ext\_application.py", line 1049, in __run
    loop.run_until_complete(self._bootstrap_initialize(max_retries=bootstrap_retries))
  File "C:\Program Files\WindowsApps\PythonSoftwareFoundation.Python.3.12_3.12.2800.0_x64__qbz5n2kfra8p0\Lib\asyncio\base_events.py", line 667, in run_until_complete
    self._check_running()
  File "C:\Program Files\WindowsApps\PythonSoftwareFoundation.Python.3.12_3.12.2800.0_x64__qbz5n2kfra8p0\Lib\asyncio\base_events.py", line 626, in _check_running
    raise RuntimeError('This event loop is already running')
RuntimeError: This event loop is already running

During handling of the above exception, another exception occurred:

Traceback (most recent call last):
  File "C:\Users\Prpject\ussadba_bot\main.py", line 34, in main
    await application.run_polling(
          ^^^^^^^^^^^^^^^^^^^^^^^^
  File "C:\Users\adm\AppData\Local\Packages\PythonSoftwareFoundation.Python.3.12_qbz5n2kfra8p0\LocalCache\local-packages\Python312\site-packages\telegram\ext\_application.py", line 839, in run_polling
    return self.__run(
           ^^^^^^^^^^^
  File "C:\Users\adm\AppData\Local\Packages\PythonSoftwareFoundation.Python.3.12_qbz5n2kfra8p0\LocalCache\local-packages\Python312\site-packages\telegram\ext\_application.py", line 1074, in __run
    loop.run_until_complete(self.shutdown())
  File "C:\Program Files\WindowsApps\PythonSoftwareFoundation.Python.3.12_3.12.2800.0_x64__qbz5n2kfra8p0\Lib\asyncio\base_events.py", line 667, in run_until_complete
    self._check_running()
  File "C:\Program Files\WindowsApps\PythonSoftwareFoundation.Python.3.12_3.12.2800.0_x64__qbz5n2kfra8p0\Lib\asyncio\base_events.py", line 626, in _check_running
    raise RuntimeError('This event loop is already running')
RuntimeError: This event loop is already running
2025-08-30 18:52:59,364 - utils.logger - INFO - ✅ Промпт загружен
2025-08-30 18:53:01,441 - utils.logger - INFO - 🚀 Бот запущен. Ожидание сообщений...
2025-08-30 18:53:01,597 - utils.logger - ERROR - 🔴 Ошибка при запуске: This event loop is already running
Traceback (most recent call last):
  File "C:\Users\adm\AppData\Local\Packages\PythonSoftwareFoundation.Python.3.12_qbz5n2kfra8p0\LocalCache\local-packages\Python312\site-packages\telegram\ext\_application.py", line 1049, in __run
    loop.run_until_complete(self._bootstrap_initialize(max_retries=bootstrap_retries))
  File "C:\Program Files\WindowsApps\PythonSoftwareFoundation.Python.3.12_3.12.2800.0_x64__qbz5n2kfra8p0\Lib\asyncio\base_events.py", line 667, in run_until_complete
    self._check_running()
  File "C:\Program Files\WindowsApps\PythonSoftwareFoundation.Python.3.12_3.12.2800.0_x64__qbz5n2kfra8p0\Lib\asyncio\base_events.py", line 626, in _check_running
    raise RuntimeError('This event loop is already running')
RuntimeError: This event loop is already running

During handling of the above exception, another exception occurred:

Traceback (most recent call last):
  File "C:\Users\Prpject\ussadba_bot\main.py", line 48, in main
    await application.run_polling(
          ^^^^^^^^^^^^^^^^^^^^^^^^
  File "C:\Users\adm\AppData\Local\Packages\PythonSoftwareFoundation.Python.3.12_qbz5n2kfra8p0\LocalCache\local-packages\Python312\site-packages\telegram\ext\_application.py", line 839, in run_polling
    return self.__run(
           ^^^^^^^^^^^
  File "C:\Users\adm\AppData\Local\Packages\PythonSoftwareFoundation.Python.3.12_qbz5n2kfra8p0\LocalCache\local-packages\Python312\site-packages\telegram\ext\_application.py", line 1074, in __run
    loop.run_until_complete(self.shutdown())
  File "C:\Program Files\WindowsApps\PythonSoftwareFoundation.Python.3.12_3.12.2800.0_x64__qbz5n2kfra8p0\Lib\asyncio\base_events.py", line 667, in run_until_complete
    self._check_running()
  File "C:\Program Files\WindowsApps\PythonSoftwareFoundation.Python.3.12_3.12.2800.0_x64__qbz5n2kfra8p0\Lib\asyncio\base_events.py", line 626, in _check_running
    raise RuntimeError('This event loop is already running')
RuntimeError: This event loop is already running
2025-08-30 19:26:35,253 - utils.logger - INFO - ✅ nest_asyncio применён — поддержка вложенных event loop
2025-08-30 19:26:39,312 - utils.logger - INFO - ✅ Промпт загружен
2025-08-30 19:26:43,079 - utils.logger - INFO - 🚀 Бот запущен. Ожидание сообщений...
2025-08-30 19:28:48,904 - utils.logger - WARNING - ❌ Кэш повреждён: 'utf-8' codec can't decode byte 0xff in position 0: invalid start byte
2025-08-30 19:28:50,413 - utils.logger - INFO - ✅ История сохранена: 41 сообщений
2025-08-30 19:28:50,414 - utils.logger - ERROR - ❌ Ошибка при сохранении кэша: 'utf-8' codec can't decode byte 0xff in position 0: invalid start byte
2025-08-30 19:29:13,967 - utils.logger - WARNING - ❌ Кэш повреждён: 'utf-8' codec can't decode byte 0xff in position 0: invalid start byte
2025-08-30 19:29:17,828 - utils.logger - INFO - ✅ История сохранена: 41 сообщений
2025-08-30 19:29:17,829 - utils.logger - ERROR - ❌ Ошибка при сохранении кэша: 'utf-8' codec can't decode byte 0xff in position 0: invalid start byte
2025-08-30 20:33:07,392 - utils.logger - INFO - ✅ nest_asyncio применён — поддержка вложенных event loop
2025-08-30 20:34:32,923 - utils.logger - INFO - ✅ nest_asyncio применён — поддержка вложенных event loop
2025-08-30 20:36:45,309 - utils.logger - INFO - 🔧 Логирование инициализировано
2025-08-30 20:36:45,312 - utils.logger - INFO - ✅ nest_asyncio применён — поддержка вложенных event loop
2025-08-30 20:40:27,878 - utils.logger - INFO - 🔧 Логирование инициализировано
2025-08-30 20:40:27,881 - utils.logger - INFO - ✅ nest_asyncio применён — поддержка вложенных event loop
2025-08-30 20:44:12,174 - utils.logger - INFO - 🔧 Логирование инициализировано
2025-08-30 20:44:12,179 - utils.logger - INFO - ✅ nest_asyncio применён — поддержка вложенных event loop
2025-08-30 20:47:03,665 - utils.logger - INFO - 🔧 Логирование инициализировано
2025-08-30 20:47:03,670 - utils.logger - INFO - ✅ nest_asyncio применён — поддержка вложенных event loop
